"FreeRTOS Task Aware Debugger for GDB" version 1.0.6 (201807131518)
(c) 2016-2018 NXP Semiconductors, Inc.
==================================
19:55:28.53 INFO: [TadModel] DSF session ID 18 has started.
19:55:33.78 INFO: [TadState] TAD state changed:  DEBUG_STARTED -> DEBUG_INIT_0 (SUSPENDED, USER_REQUEST)
19:55:34.773 INFO: [TadState] TAD state changed:  DEBUG_INIT_0 -> DEBUG_INIT_1 (RESUMED, USER_REQUEST)
19:55:34.833 INFO: [TadState] TAD state changed:  DEBUG_INIT_1 -> DEBUG_SUSPENDED (SUSPENDED, BREAKPOINT)
19:55:47.737 INFO: [TadState] TAD state changed:  DEBUG_SUSPENDED -> DEBUG_RESUMED (RESUMED, USER_REQUEST)
19:56:41.214 INFO: [TadState] TAD state changed:  DEBUG_RESUMED -> READY (SUSPENDED, BREAKPOINT)
19:56:43.609 INFO: [TadState] TAD state changed:  READY -> DEBUG_RESUMED (RESUMED, USER_REQUEST)
19:57:31.352 INFO: [TadState] TAD state changed:  DEBUG_RESUMED -> READY (SUSPENDED, BREAKPOINT)
19:58:05.573 INFO: [TadState] TAD state changed:  READY -> DEBUG_RESUMED (RESUMED, USER_REQUEST)
19:58:36.383 INFO: [TadState] TAD state changed:  DEBUG_RESUMED -> READY (SUSPENDED, BREAKPOINT)
19:59:06.357 INFO: [TadState] TAD state changed:  READY -> DEBUG_RESUMED (RESUMED, USER_REQUEST)
19:59:25.903 INFO: [TadState] TAD state changed:  DEBUG_RESUMED -> READY (SUSPENDED, BREAKPOINT)
19:59:52.227 INFO: [TadState] TAD state changed:  READY -> DEBUG_RESUMED (RESUMED, USER_REQUEST)
20:00:26.856 INFO: [TadState] TAD state changed:  DEBUG_RESUMED -> READY (SUSPENDED, BREAKPOINT)
20:00:30.161 INFO: [Benchmark] Loading data for "Task List" has started.
20:00:31.204 INFO: [FreeRTOS] FreeRTOS macro "configSUPPORT_STATIC_ALLOCATION" is disabled.
20:00:32.250 INFO: [FreeRTOS] FreeRTOS macro "configGENERATE_RUN_TIME_STATS" is disabled.
20:00:33.263 INFO: [FreeRTOS] FreeRTOS macro "configRECORD_STACK_HIGH_ADDRESS" is disabled.
20:00:33.545 ERROR: [TaskFactory] Could not read pxEndOfStack variable needed for determining correct stack size! 
	Please enable "configRECORD_STACK_HIGH_ADDRESS" macro in FreeRTOSConfig.h.
20:00:33.545 INFO: [Benchmark] Loading data for "Task List" took 3384 ms.
20:01:20.896 INFO: [TadState] TAD state changed:  READY -> DEBUG_RESUMED (RESUMED, USER_REQUEST)
20:01:20.937 INFO: [TadState] TAD state changed:  DEBUG_RESUMED -> READY (SUSPENDED, BREAKPOINT)
20:01:20.938 INFO: [Benchmark] Loading data for "Task List" has started.
20:01:21.252 ERROR: [TaskFactory] Could not read pxEndOfStack variable needed for determining correct stack size! 
	Please enable "configRECORD_STACK_HIGH_ADDRESS" macro in FreeRTOSConfig.h.
20:01:21.252 INFO: [Benchmark] Loading data for "Task List" took 314 ms.
20:02:01.385 INFO: [TadState] TAD state changed:  READY -> DEBUG_RESUMED (RESUMED, USER_REQUEST)
20:02:37.86 INFO: [TadState] TAD state changed:  DEBUG_RESUMED -> READY (SUSPENDED, BREAKPOINT)
20:02:37.87 INFO: [Benchmark] Loading data for "Task List" has started.
20:02:37.436 ERROR: [TaskFactory] Could not read pxEndOfStack variable needed for determining correct stack size! 
	Please enable "configRECORD_STACK_HIGH_ADDRESS" macro in FreeRTOSConfig.h.
20:02:37.436 INFO: [Benchmark] Loading data for "Task List" took 349 ms.
20:02:51.907 INFO: [TadModel] DSF session ID 18 has ended.
