"FreeRTOS Task Aware Debugger for GDB" version 1.0.6 (201807131518)
(c) 2016-2018 NXP Semiconductors, Inc.
==================================
20:16:30.236 INFO: [TadModel] DSF session ID 21 has started.
20:16:54.804 INFO: [TadState] TAD state changed:  DEBUG_STARTED -> DEBUG_INIT_0 (SUSPENDED, USER_REQUEST)
20:16:55.390 INFO: [TadState] TAD state changed:  DEBUG_INIT_0 -> DEBUG_INIT_1 (RESUMED, USER_REQUEST)
20:16:55.455 INFO: [TadState] TAD state changed:  DEBUG_INIT_1 -> DEBUG_SUSPENDED (SUSPENDED, BREAKPOINT)
20:16:58.397 INFO: [TadState] TAD state changed:  DEBUG_SUSPENDED -> DEBUG_RESUMED (RESUMED, USER_REQUEST)
20:18:07.906 INFO: [TadState] TAD state changed:  DEBUG_RESUMED -> READY (SUSPENDED, BREAKPOINT)
20:18:23.553 INFO: [TadState] TAD state changed:  READY -> DEBUG_RESUMED (RESUMED, USER_REQUEST)
20:18:38.678 INFO: [TadState] TAD state changed:  DEBUG_RESUMED -> READY (SUSPENDED, BREAKPOINT)
20:18:54.537 INFO: [TadState] TAD state changed:  READY -> DEBUG_RESUMED (RESUMED, USER_REQUEST)
20:19:09.44 INFO: [TadState] TAD state changed:  DEBUG_RESUMED -> READY (SUSPENDED, BREAKPOINT)
20:19:12.794 INFO: [TadState] TAD state changed:  READY -> DEBUG_RESUMED (RESUMED, USER_REQUEST)
20:19:36.01 INFO: [TadState] TAD state changed:  DEBUG_RESUMED -> READY (SUSPENDED, BREAKPOINT)
20:19:38.881 INFO: [TadState] TAD state changed:  READY -> DEBUG_RESUMED (RESUMED, USER_REQUEST)
20:21:06.552 INFO: [TadState] TAD state changed:  DEBUG_RESUMED -> READY (SUSPENDED, BREAKPOINT)
20:21:06.557 INFO: [Benchmark] Loading data for "Task List" has started.
20:21:07.611 INFO: [FreeRTOS] FreeRTOS macro "configSUPPORT_STATIC_ALLOCATION" is disabled.
20:21:08.647 INFO: [FreeRTOS] FreeRTOS macro "configGENERATE_RUN_TIME_STATS" is disabled.
20:21:09.665 INFO: [FreeRTOS] FreeRTOS macro "configRECORD_STACK_HIGH_ADDRESS" is disabled.
20:21:10.89 ERROR: [TaskFactory] Could not read pxEndOfStack variable needed for determining correct stack size! 
	Please enable "configRECORD_STACK_HIGH_ADDRESS" macro in FreeRTOSConfig.h.
20:21:10.90 INFO: [Benchmark] Loading data for "Task List" took 3533 ms.
20:21:41.378 INFO: [TadState] TAD state changed:  READY -> DEBUG_RESUMED (RESUMED, USER_REQUEST)
20:22:36.696 INFO: [TadState] TAD state changed:  DEBUG_RESUMED -> READY (SUSPENDED, BREAKPOINT)
20:22:36.697 INFO: [Benchmark] Loading data for "Task List" has started.
20:22:37.190 ERROR: [TaskFactory] Could not read pxEndOfStack variable needed for determining correct stack size! 
	Please enable "configRECORD_STACK_HIGH_ADDRESS" macro in FreeRTOSConfig.h.
20:22:37.190 INFO: [Benchmark] Loading data for "Task List" took 494 ms.
20:23:38.728 INFO: [TadState] TAD state changed:  READY -> DEBUG_RESUMED (RESUMED, USER_REQUEST)
20:28:02.448 INFO: [TadState] TAD state changed:  DEBUG_RESUMED -> READY (SUSPENDED, SIGNAL)
20:28:03.513 INFO: [TadModel] DSF session ID 21 has ended.
